2022-10-05 09:41:56,683 DEBUG [main] Dog [Esempio3.java:42] Messaggio dalla classe Dog
2022-10-05 09:41:56,689 DEBUG [main] Dog [Esempio3.java:42] Messaggio dalla classe Dog
2022-10-05 09:41:56,689 DEBUG [main] Dog [Esempio3.java:42] Messaggio dalla classe Dog
2022-10-05 09:41:56,689 DEBUG [main] Dog [Esempio3.java:42] Messaggio dalla classe Dog
2022-10-05 09:41:56,689 DEBUG [main] Dog [Esempio3.java:42] Messaggio dalla classe Dog
2022-10-05 09:41:56,689 DEBUG [main] Dog [Esempio3.java:42] Messaggio dalla classe Dog
2022-10-05 09:41:56,690 DEBUG [main] Dog [Esempio3.java:42] Messaggio dalla classe Dog
2022-10-05 09:41:56,690 DEBUG [main] Dog [Esempio3.java:42] Messaggio dalla classe Dog
2022-10-05 09:41:56,690 DEBUG [main] Dog [Esempio3.java:42] Messaggio dalla classe Dog
2022-10-05 09:41:56,690 DEBUG [main] Dog [Esempio3.java:42] Messaggio dalla classe Dog
2022-10-05 09:42:35,910 DEBUG [main] Dog [Esempio3.java:44] Messaggio dalla classe Dog
2022-10-05 09:42:35,916 DEBUG [main] Dog [Esempio3.java:44] Messaggio dalla classe Dog
2022-10-05 09:42:35,917 DEBUG [main] Dog [Esempio3.java:44] Messaggio dalla classe Dog
2022-10-05 09:42:35,917 DEBUG [main] Dog [Esempio3.java:44] Messaggio dalla classe Dog
2022-10-05 09:42:35,917 DEBUG [main] Dog [Esempio3.java:44] Messaggio dalla classe Dog
2022-10-05 09:42:35,917 DEBUG [main] Dog [Esempio3.java:44] Messaggio dalla classe Dog
2022-10-05 09:42:35,917 DEBUG [main] Dog [Esempio3.java:44] Messaggio dalla classe Dog
2022-10-05 09:42:35,917 DEBUG [main] Dog [Esempio3.java:44] Messaggio dalla classe Dog
2022-10-05 09:42:35,917 DEBUG [main] Dog [Esempio3.java:44] Messaggio dalla classe Dog
2022-10-05 09:42:35,917 DEBUG [main] Dog [Esempio3.java:44] Messaggio dalla classe Dog
2022-10-05 09:42:35,917 DEBUG [main] Dog [Esempio3.java:44] Messaggio dalla classe Dog
2022-10-05 09:42:35,917 DEBUG [main] Dog [Esempio3.java:44] Messaggio dalla classe Dog
2022-10-05 09:42:35,917 DEBUG [main] Dog [Esempio3.java:44] Messaggio dalla classe Dog
2022-10-05 09:42:35,917 DEBUG [main] Dog [Esempio3.java:44] Messaggio dalla classe Dog
2022-10-05 09:42:35,917 DEBUG [main] Dog [Esempio3.java:44] Messaggio dalla classe Dog
2022-10-05 09:42:35,917 DEBUG [main] Dog [Esempio3.java:44] Messaggio dalla classe Dog
2022-10-05 09:42:35,917 DEBUG [main] Dog [Esempio3.java:44] Messaggio dalla classe Dog
2022-10-05 09:42:35,918 DEBUG [main] Dog [Esempio3.java:44] Messaggio dalla classe Dog
2022-10-05 09:42:35,918 DEBUG [main] Dog [Esempio3.java:44] Messaggio dalla classe Dog
2022-10-05 09:42:35,918 DEBUG [main] Dog [Esempio3.java:44] Messaggio dalla classe Dog
2022-10-05 09:42:35,918 DEBUG [main] Dog [Esempio3.java:44] Messaggio dalla classe Dog
2022-10-05 09:42:35,918 DEBUG [main] Dog [Esempio3.java:44] Messaggio dalla classe Dog
2022-10-05 09:42:35,918 DEBUG [main] Dog [Esempio3.java:44] Messaggio dalla classe Dog
2022-10-05 09:42:35,918 DEBUG [main] Dog [Esempio3.java:44] Messaggio dalla classe Dog
2022-10-05 09:42:35,918 DEBUG [main] Dog [Esempio3.java:44] Messaggio dalla classe Dog
2022-10-05 09:42:35,918 DEBUG [main] Dog [Esempio3.java:44] Messaggio dalla classe Dog
2022-10-05 09:42:35,918 DEBUG [main] Dog [Esempio3.java:44] Messaggio dalla classe Dog
2022-10-05 09:42:35,918 DEBUG [main] Dog [Esempio3.java:44] Messaggio dalla classe Dog
2022-10-05 09:42:35,918 DEBUG [main] Dog [Esempio3.java:44] Messaggio dalla classe Dog
2022-10-05 09:42:35,918 DEBUG [main] Dog [Esempio3.java:44] Messaggio dalla classe Dog
2022-10-05 11:10:56,838 INFO [Test 2] E.T2 [T2.java:22] Test 2: a
2022-10-05 11:10:58,844 INFO [Test 2] E.T2 [T2.java:22] Test 2: i
2022-10-05 11:11:00,850 INFO [Test 2] E.T2 [T2.java:22] Test 2: h
2022-10-05 11:11:02,857 INFO [Test 2] E.T2 [T2.java:22] Test 2: c
2022-10-05 11:11:04,861 INFO [Test 2] E.T2 [T2.java:22] Test 2: c
2022-10-05 11:11:06,865 INFO [Test 2] E.T2 [T2.java:22] Test 2: e
2022-10-05 11:11:08,870 INFO [Test 2] E.T2 [T2.java:22] Test 2: p
2022-10-05 11:11:10,874 INFO [Test 2] E.T2 [T2.java:22] Test 2: a
2022-10-05 11:11:12,879 INFO [Test 2] E.T2 [T2.java:22] Test 2: t
2022-10-05 11:11:14,881 INFO [Test 2] E.T2 [T2.java:22] Test 2: a
2022-10-05 11:11:16,886 INFO [Test 2] E.T2 [T2.java:22] Test 2: c
2022-10-05 11:37:02,276 INFO [Test 2] E.T2 [T2.java:22] Test 2: d
2022-10-05 11:37:04,284 INFO [Test 2] E.T2 [T2.java:22] Test 2: s
2022-10-05 11:37:06,291 INFO [Test 2] E.T2 [T2.java:22] Test 2: a
2022-10-05 11:37:08,296 INFO [Test 2] E.T2 [T2.java:22] Test 2: d
2022-10-05 11:37:10,304 INFO [Test 2] E.T2 [T2.java:22] Test 2: s
2022-10-05 11:37:12,311 INFO [Test 2] E.T2 [T2.java:22] Test 2: a
2022-10-05 11:37:53,547 INFO [Test 2] E.T2 [T2.java:22] Test 2: y
2022-10-05 11:37:55,551 INFO [Test 2] E.T2 [T2.java:22] Test 2: h
2022-10-05 11:37:57,557 INFO [Test 2] E.T2 [T2.java:22] Test 2: c
2022-10-05 11:37:59,559 INFO [Test 2] E.T2 [T2.java:22] Test 2: o
2022-10-05 11:38:01,565 INFO [Test 2] E.T2 [T2.java:22] Test 2: p
